<?xml version="1.0" encoding="UTF-8"?>
<!-- Generated by org.testng.reporters.JUnitReportReporter -->
<testsuite skipped="0" hostname="DESKTOP-5E28TIH" name="TestNgPractice.TestNgPractice.DataDrivenTest" tests="1" failures="0" timestamp="2020-03-22T10:49:17 IST" time="15.479" errors="0">
  <testcase name="TC1" time="15.479" classname="TestNgPractice.TestNgPractice.DataDrivenTest"/>
</testsuite> <!-- TestNgPractice.TestNgPractice.DataDrivenTest -->
