<?xml version="1.0" encoding="UTF-8"?>
<!-- Generated by org.testng.reporters.JUnitReportReporter -->
<testsuite skipped="0" hostname="DESKTOP-5E28TIH" name="CaptureScreenshort.OrangeHRMScreenshort" tests="1" failures="0" timestamp="2020-03-23T13:25:42 IST" time="12.939" errors="0">
  <testcase name="initialization" time="12.939" classname="CaptureScreenshort.OrangeHRMScreenshort"/>
</testsuite> <!-- CaptureScreenshort.OrangeHRMScreenshort -->
