<?xml version="1.0" encoding="UTF-8"?>
<!-- Generated by org.testng.reporters.JUnitReportReporter -->
<testsuite skipped="1" hostname="DESKTOP-5E28TIH" name="TestNgPractice.TestNgPractice.DataProvidertest" tests="1" failures="0" timestamp="2020-03-13T22:28:26 IST" time="0.000" errors="0">
  <testcase name="TC1" time="0.000" classname="TestNgPractice.TestNgPractice.DataProvidertest">
    <skipped/>
  </testcase> <!-- TC1 -->
</testsuite> <!-- TestNgPractice.TestNgPractice.DataProvidertest -->
