<?xml version="1.0" encoding="UTF-8"?>
<!-- Generated by org.testng.reporters.JUnitReportReporter -->
<testsuite skipped="0" hostname="DESKTOP-5E28TIH" name="Java.BreakStatement" tests="1" failures="0" timestamp="2020-04-01T11:09:24 IST" time="0.026" errors="0">
  <testcase name="Loop" time="0.026" classname="Java.BreakStatement"/>
</testsuite> <!-- Java.BreakStatement -->
