<?xml version="1.0" encoding="UTF-8"?>
<!-- Generated by org.testng.reporters.JUnitReportReporter -->
<testsuite skipped="0" hostname="DESKTOP-5E28TIH" name="CaptureScreenshort.AA" tests="1" failures="0" timestamp="2020-03-27T11:57:22 IST" time="0.272" errors="0">
  <testcase name="add" time="0.272" classname="CaptureScreenshort.AA"/>
</testsuite> <!-- CaptureScreenshort.AA -->
