<?xml version="1.0" encoding="UTF-8"?>
<!-- Generated by org.testng.reporters.JUnitReportReporter -->
<testsuite skipped="0" hostname="DESKTOP-5E28TIH" name="TestNgPractice.TestNgPractice.ExelSheet" tests="1" failures="0" timestamp="2020-03-22T12:29:07 IST" time="0.647" errors="0">
  <testcase name="Readdata" time="0.647" classname="TestNgPractice.TestNgPractice.ExelSheet"/>
</testsuite> <!-- TestNgPractice.TestNgPractice.ExelSheet -->
