<?xml version="1.0" encoding="UTF-8"?>
<!-- Generated by org.testng.reporters.JUnitReportReporter -->
<testsuite skipped="0" hostname="DESKTOP-5E28TIH" name="TestNgPractice.TestNgPractice.ReadDataFromExcelUsingApachePoi2" tests="1" failures="0" timestamp="2020-03-21T15:26:59 IST" time="0.535" errors="0">
  <testcase name="readData" time="0.535" classname="TestNgPractice.TestNgPractice.ReadDataFromExcelUsingApachePoi2"/>
</testsuite> <!-- TestNgPractice.TestNgPractice.ReadDataFromExcelUsingApachePoi2 -->
