<?xml version="1.0" encoding="UTF-8"?>
<!-- Generated by org.testng.reporters.JUnitReportReporter -->
<testsuite skipped="0" hostname="DESKTOP-5E28TIH" name="TestNgPractice.TestNgPractice.TestNgPralleltestingdemo" tests="2" failures="0" timestamp="2020-03-21T12:17:40 IST" time="0.051" errors="0">
  <testcase name="testtwo" time="0.027" classname="TestNgPractice.TestNgPractice.TestNgPralleltestingdemo"/>
  <testcase name="testone" time="0.024" classname="TestNgPractice.TestNgPractice.TestNgPralleltestingdemo"/>
</testsuite> <!-- TestNgPractice.TestNgPractice.TestNgPralleltestingdemo -->
