<?xml version="1.0" encoding="UTF-8"?>
<!-- Generated by org.testng.reporters.JUnitReportReporter -->
<testsuite skipped="0" hostname="DESKTOP-5E28TIH" name="HashMap1.Test1" tests="1" failures="0" timestamp="2020-03-24T18:38:09 IST" time="16.013" errors="0">
  <testcase name="logindetails" time="16.013" classname="HashMap1.Test1"/>
</testsuite> <!-- HashMap1.Test1 -->
