<?xml version="1.0" encoding="UTF-8"?>
<!-- Generated by org.testng.reporters.JUnitReportReporter -->
<testsuite skipped="0" hostname="DESKTOP-5E28TIH" name="TestNgPractice.TestNgPractice.TakeFullscreenshort" tests="1" failures="0" timestamp="2020-03-12T12:14:24 IST" time="0.013" errors="0">
  <testcase name="takescreenshort" time="0.013" classname="TestNgPractice.TestNgPractice.TakeFullscreenshort"/>
</testsuite> <!-- TestNgPractice.TestNgPractice.TakeFullscreenshort -->
