<?xml version="1.0" encoding="UTF-8"?>
<!-- Generated by org.testng.reporters.JUnitReportReporter -->
<testsuite skipped="0" hostname="DESKTOP-5E28TIH" name="TestNgPractice.TestNgPractice.Extends1" tests="1" failures="0" timestamp="2020-03-12T14:55:30 IST" time="0.594" errors="0">
  <testcase name="reports" time="0.594" classname="TestNgPractice.TestNgPractice.Extends1"/>
</testsuite> <!-- TestNgPractice.TestNgPractice.Extends1 -->
